2022-04-05 18:53:46,377 - Log4JLogChute initialized using file 'velocity.log'
2022-04-05 18:53:46,377 - Initializing Velocity, Calling init()...
2022-04-05 18:53:46,377 - Starting Apache Velocity v1.7 (compiled: 2010-11-19 12:14:37)
2022-04-05 18:53:46,377 - Default Properties File: org\apache\velocity\runtime\defaults\velocity.properties
2022-04-05 18:53:46,377 - Trying to use logger class org.apache.velocity.runtime.log.AvalonLogChute
2022-04-05 18:53:46,377 - Target log system for org.apache.velocity.runtime.log.AvalonLogChute is not available (java.lang.NoClassDefFoundError: org/apache/log/format/Formatter).  Falling back to next log system...
2022-04-05 18:53:46,377 - Trying to use logger class org.apache.velocity.runtime.log.Log4JLogChute
2022-04-05 18:53:46,377 - Using logger class org.apache.velocity.runtime.log.Log4JLogChute
2022-04-05 18:53:46,380 - ResourceLoader instantiated: org.apache.velocity.runtime.resource.loader.FileResourceLoader
2022-04-05 18:53:46,381 - Do unicode file recognition:  false
2022-04-05 18:53:46,381 - FileResourceLoader : adding path '.'
2022-04-05 18:53:46,390 - ResourceCache: initialized (class org.apache.velocity.runtime.resource.ResourceCacheImpl) with class java.util.Collections$SynchronizedMap cache map.
2022-04-05 18:53:46,391 - Loaded System Directive: org.apache.velocity.runtime.directive.Stop
2022-04-05 18:53:46,392 - Loaded System Directive: org.apache.velocity.runtime.directive.Define
2022-04-05 18:53:46,392 - Loaded System Directive: org.apache.velocity.runtime.directive.Break
2022-04-05 18:53:46,393 - Loaded System Directive: org.apache.velocity.runtime.directive.Evaluate
2022-04-05 18:53:46,393 - Loaded System Directive: org.apache.velocity.runtime.directive.Literal
2022-04-05 18:53:46,393 - Loaded System Directive: org.apache.velocity.runtime.directive.Macro
2022-04-05 18:53:46,394 - Loaded System Directive: org.apache.velocity.runtime.directive.Parse
2022-04-05 18:53:46,395 - Loaded System Directive: org.apache.velocity.runtime.directive.Include
2022-04-05 18:53:46,395 - Loaded System Directive: org.apache.velocity.runtime.directive.Foreach
2022-04-05 18:53:46,411 - Created '20' parsers.
2022-04-05 18:53:46,414 - Velocimacro : "velocimacro.library" is not set.  Trying default library: VM_global_library.vm
2022-04-05 18:53:46,414 - Velocimacro : Default library not found.
2022-04-05 18:53:46,414 - Velocimacro : allowInline = true : VMs can be defined inline in templates
2022-04-05 18:53:46,414 - Velocimacro : allowInlineToOverride = false : VMs defined inline may NOT replace previous VM definitions
2022-04-05 18:53:46,414 - Velocimacro : allowInlineLocal = false : VMs defined inline will be global in scope if allowed.
2022-04-05 18:53:46,414 - Velocimacro : autoload off : VM system will not automatically reload global library macros
2022-04-05 18:53:46,415 - ResourceManager : unable to find resource 'template.vm' in any resource loader.
2022-04-05 18:54:17,061 - Log4JLogChute initialized using file 'velocity.log'
2022-04-05 18:54:17,061 - Initializing Velocity, Calling init()...
2022-04-05 18:54:17,061 - Starting Apache Velocity v1.7 (compiled: 2010-11-19 12:14:37)
2022-04-05 18:54:17,061 - Default Properties File: org\apache\velocity\runtime\defaults\velocity.properties
2022-04-05 18:54:17,061 - Trying to use logger class org.apache.velocity.runtime.log.AvalonLogChute
2022-04-05 18:54:17,061 - Target log system for org.apache.velocity.runtime.log.AvalonLogChute is not available (java.lang.NoClassDefFoundError: org/apache/log/format/Formatter).  Falling back to next log system...
2022-04-05 18:54:17,061 - Trying to use logger class org.apache.velocity.runtime.log.Log4JLogChute
2022-04-05 18:54:17,061 - Using logger class org.apache.velocity.runtime.log.Log4JLogChute
2022-04-05 18:54:17,063 - ResourceLoader instantiated: org.apache.velocity.runtime.resource.loader.FileResourceLoader
2022-04-05 18:54:17,064 - Do unicode file recognition:  false
2022-04-05 18:54:17,064 - FileResourceLoader : adding path '.'
2022-04-05 18:54:17,072 - ResourceCache: initialized (class org.apache.velocity.runtime.resource.ResourceCacheImpl) with class java.util.Collections$SynchronizedMap cache map.
2022-04-05 18:54:17,075 - Loaded System Directive: org.apache.velocity.runtime.directive.Stop
2022-04-05 18:54:17,076 - Loaded System Directive: org.apache.velocity.runtime.directive.Define
2022-04-05 18:54:17,076 - Loaded System Directive: org.apache.velocity.runtime.directive.Break
2022-04-05 18:54:17,077 - Loaded System Directive: org.apache.velocity.runtime.directive.Evaluate
2022-04-05 18:54:17,077 - Loaded System Directive: org.apache.velocity.runtime.directive.Literal
2022-04-05 18:54:17,078 - Loaded System Directive: org.apache.velocity.runtime.directive.Macro
2022-04-05 18:54:17,079 - Loaded System Directive: org.apache.velocity.runtime.directive.Parse
2022-04-05 18:54:17,079 - Loaded System Directive: org.apache.velocity.runtime.directive.Include
2022-04-05 18:54:17,080 - Loaded System Directive: org.apache.velocity.runtime.directive.Foreach
2022-04-05 18:54:17,095 - Created '20' parsers.
2022-04-05 18:54:17,097 - Velocimacro : "velocimacro.library" is not set.  Trying default library: VM_global_library.vm
2022-04-05 18:54:17,097 - Velocimacro : Default library not found.
2022-04-05 18:54:17,097 - Velocimacro : allowInline = true : VMs can be defined inline in templates
2022-04-05 18:54:17,097 - Velocimacro : allowInlineToOverride = false : VMs defined inline may NOT replace previous VM definitions
2022-04-05 18:54:17,097 - Velocimacro : allowInlineLocal = false : VMs defined inline will be global in scope if allowed.
2022-04-05 18:54:17,097 - Velocimacro : autoload off : VM system will not automatically reload global library macros
2022-04-05 18:54:17,098 - ResourceManager : unable to find resource 'template.vm' in any resource loader.
2022-04-05 18:58:04,936 - Log4JLogChute initialized using file 'velocity.log'
2022-04-05 18:58:04,937 - Initializing Velocity, Calling init()...
2022-04-05 18:58:04,937 - Starting Apache Velocity v1.7 (compiled: 2010-11-19 12:14:37)
2022-04-05 18:58:04,937 - Default Properties File: org\apache\velocity\runtime\defaults\velocity.properties
2022-04-05 18:58:04,937 - Trying to use logger class org.apache.velocity.runtime.log.AvalonLogChute
2022-04-05 18:58:04,937 - Target log system for org.apache.velocity.runtime.log.AvalonLogChute is not available (java.lang.NoClassDefFoundError: org/apache/log/format/Formatter).  Falling back to next log system...
2022-04-05 18:58:04,937 - Trying to use logger class org.apache.velocity.runtime.log.Log4JLogChute
2022-04-05 18:58:04,937 - Using logger class org.apache.velocity.runtime.log.Log4JLogChute
2022-04-05 18:58:04,940 - ResourceLoader instantiated: org.apache.velocity.runtime.resource.loader.FileResourceLoader
2022-04-05 18:58:04,941 - Do unicode file recognition:  false
2022-04-05 18:58:04,941 - FileResourceLoader : adding path '.'
2022-04-05 18:58:04,949 - ResourceCache: initialized (class org.apache.velocity.runtime.resource.ResourceCacheImpl) with class java.util.Collections$SynchronizedMap cache map.
2022-04-05 18:58:04,950 - Loaded System Directive: org.apache.velocity.runtime.directive.Stop
2022-04-05 18:58:04,951 - Loaded System Directive: org.apache.velocity.runtime.directive.Define
2022-04-05 18:58:04,951 - Loaded System Directive: org.apache.velocity.runtime.directive.Break
2022-04-05 18:58:04,952 - Loaded System Directive: org.apache.velocity.runtime.directive.Evaluate
2022-04-05 18:58:04,952 - Loaded System Directive: org.apache.velocity.runtime.directive.Literal
2022-04-05 18:58:04,952 - Loaded System Directive: org.apache.velocity.runtime.directive.Macro
2022-04-05 18:58:04,953 - Loaded System Directive: org.apache.velocity.runtime.directive.Parse
2022-04-05 18:58:04,954 - Loaded System Directive: org.apache.velocity.runtime.directive.Include
2022-04-05 18:58:04,955 - Loaded System Directive: org.apache.velocity.runtime.directive.Foreach
2022-04-05 18:58:04,970 - Created '20' parsers.
2022-04-05 18:58:04,972 - Velocimacro : "velocimacro.library" is not set.  Trying default library: VM_global_library.vm
2022-04-05 18:58:04,972 - Velocimacro : Default library not found.
2022-04-05 18:58:04,973 - Velocimacro : allowInline = true : VMs can be defined inline in templates
2022-04-05 18:58:04,973 - Velocimacro : allowInlineToOverride = false : VMs defined inline may NOT replace previous VM definitions
2022-04-05 18:58:04,973 - Velocimacro : allowInlineLocal = false : VMs defined inline will be global in scope if allowed.
2022-04-05 18:58:04,973 - Velocimacro : autoload off : VM system will not automatically reload global library macros
2022-04-05 18:58:04,979 - ResourceManager : found template.vm with loader org.apache.velocity.runtime.resource.loader.FileResourceLoader
2022-04-06 13:27:28,483 - Log4JLogChute initialized using file 'velocity.log'
2022-04-06 13:27:28,485 - Initializing Velocity, Calling init()...
2022-04-06 13:27:28,486 - Starting Apache Velocity v1.7 (compiled: 2010-11-19 12:14:37)
2022-04-06 13:27:28,486 - Default Properties File: org\apache\velocity\runtime\defaults\velocity.properties
2022-04-06 13:27:28,486 - Trying to use logger class org.apache.velocity.runtime.log.AvalonLogChute
2022-04-06 13:27:28,486 - Target log system for org.apache.velocity.runtime.log.AvalonLogChute is not available (java.lang.NoClassDefFoundError: org/apache/log/format/Formatter).  Falling back to next log system...
2022-04-06 13:27:28,486 - Trying to use logger class org.apache.velocity.runtime.log.Log4JLogChute
2022-04-06 13:27:28,487 - Using logger class org.apache.velocity.runtime.log.Log4JLogChute
2022-04-06 13:27:28,494 - ResourceLoader instantiated: org.apache.velocity.runtime.resource.loader.FileResourceLoader
2022-04-06 13:27:28,494 - Do unicode file recognition:  false
2022-04-06 13:27:28,494 - FileResourceLoader : adding path '.'
2022-04-06 13:27:28,502 - ResourceCache: initialized (class org.apache.velocity.runtime.resource.ResourceCacheImpl) with class java.util.Collections$SynchronizedMap cache map.
2022-04-06 13:27:28,503 - Loaded System Directive: org.apache.velocity.runtime.directive.Stop
2022-04-06 13:27:28,503 - Loaded System Directive: org.apache.velocity.runtime.directive.Define
2022-04-06 13:27:28,504 - Loaded System Directive: org.apache.velocity.runtime.directive.Break
2022-04-06 13:27:28,504 - Loaded System Directive: org.apache.velocity.runtime.directive.Evaluate
2022-04-06 13:27:28,505 - Loaded System Directive: org.apache.velocity.runtime.directive.Literal
2022-04-06 13:27:28,505 - Loaded System Directive: org.apache.velocity.runtime.directive.Macro
2022-04-06 13:27:28,506 - Loaded System Directive: org.apache.velocity.runtime.directive.Parse
2022-04-06 13:27:28,506 - Loaded System Directive: org.apache.velocity.runtime.directive.Include
2022-04-06 13:27:28,507 - Loaded System Directive: org.apache.velocity.runtime.directive.Foreach
2022-04-06 13:27:28,522 - Created '20' parsers.
2022-04-06 13:27:28,524 - Velocimacro : "velocimacro.library" is not set.  Trying default library: VM_global_library.vm
2022-04-06 13:27:28,524 - Velocimacro : Default library not found.
2022-04-06 13:27:28,524 - Velocimacro : allowInline = true : VMs can be defined inline in templates
2022-04-06 13:27:28,524 - Velocimacro : allowInlineToOverride = false : VMs defined inline may NOT replace previous VM definitions
2022-04-06 13:27:28,524 - Velocimacro : allowInlineLocal = false : VMs defined inline will be global in scope if allowed.
2022-04-06 13:27:28,524 - Velocimacro : autoload off : VM system will not automatically reload global library macros
2022-04-06 13:27:28,536 - ResourceManager : found template.vm with loader org.apache.velocity.runtime.resource.loader.FileResourceLoader
2022-04-06 13:32:38,334 - Log4JLogChute initialized using file 'velocity.log'
2022-04-06 13:32:38,334 - Initializing Velocity, Calling init()...
2022-04-06 13:32:38,334 - Starting Apache Velocity v1.7 (compiled: 2010-11-19 12:14:37)
2022-04-06 13:32:38,334 - Default Properties File: org\apache\velocity\runtime\defaults\velocity.properties
2022-04-06 13:32:38,334 - Trying to use logger class org.apache.velocity.runtime.log.AvalonLogChute
2022-04-06 13:32:38,334 - Target log system for org.apache.velocity.runtime.log.AvalonLogChute is not available (java.lang.NoClassDefFoundError: org/apache/log/format/Formatter).  Falling back to next log system...
2022-04-06 13:32:38,334 - Trying to use logger class org.apache.velocity.runtime.log.Log4JLogChute
2022-04-06 13:32:38,334 - Using logger class org.apache.velocity.runtime.log.Log4JLogChute
2022-04-06 13:32:38,339 - ResourceLoader instantiated: org.apache.velocity.runtime.resource.loader.FileResourceLoader
2022-04-06 13:32:38,339 - Do unicode file recognition:  false
2022-04-06 13:32:38,339 - FileResourceLoader : adding path '.'
2022-04-06 13:32:38,347 - ResourceCache: initialized (class org.apache.velocity.runtime.resource.ResourceCacheImpl) with class java.util.Collections$SynchronizedMap cache map.
2022-04-06 13:32:38,349 - Loaded System Directive: org.apache.velocity.runtime.directive.Stop
2022-04-06 13:32:38,350 - Loaded System Directive: org.apache.velocity.runtime.directive.Define
2022-04-06 13:32:38,350 - Loaded System Directive: org.apache.velocity.runtime.directive.Break
2022-04-06 13:32:38,351 - Loaded System Directive: org.apache.velocity.runtime.directive.Evaluate
2022-04-06 13:32:38,351 - Loaded System Directive: org.apache.velocity.runtime.directive.Literal
2022-04-06 13:32:38,352 - Loaded System Directive: org.apache.velocity.runtime.directive.Macro
2022-04-06 13:32:38,352 - Loaded System Directive: org.apache.velocity.runtime.directive.Parse
2022-04-06 13:32:38,353 - Loaded System Directive: org.apache.velocity.runtime.directive.Include
2022-04-06 13:32:38,353 - Loaded System Directive: org.apache.velocity.runtime.directive.Foreach
2022-04-06 13:32:38,367 - Created '20' parsers.
2022-04-06 13:32:38,369 - Velocimacro : "velocimacro.library" is not set.  Trying default library: VM_global_library.vm
2022-04-06 13:32:38,369 - Velocimacro : Default library not found.
2022-04-06 13:32:38,369 - Velocimacro : allowInline = true : VMs can be defined inline in templates
2022-04-06 13:32:38,369 - Velocimacro : allowInlineToOverride = false : VMs defined inline may NOT replace previous VM definitions
2022-04-06 13:32:38,369 - Velocimacro : allowInlineLocal = false : VMs defined inline will be global in scope if allowed.
2022-04-06 13:32:38,369 - Velocimacro : autoload off : VM system will not automatically reload global library macros
2022-04-06 13:32:38,375 - ResourceManager : found template.vm with loader org.apache.velocity.runtime.resource.loader.FileResourceLoader
2022-04-07 18:27:51,750 - Log4JLogChute initialized using file 'velocity.log'
2022-04-07 18:27:51,750 - Initializing Velocity, Calling init()...
2022-04-07 18:27:51,750 - Starting Apache Velocity v1.7 (compiled: 2010-11-19 12:14:37)
2022-04-07 18:27:51,750 - Default Properties File: org\apache\velocity\runtime\defaults\velocity.properties
2022-04-07 18:27:51,750 - Trying to use logger class org.apache.velocity.runtime.log.AvalonLogChute
2022-04-07 18:27:51,750 - Target log system for org.apache.velocity.runtime.log.AvalonLogChute is not available (java.lang.NoClassDefFoundError: org/apache/log/format/Formatter).  Falling back to next log system...
2022-04-07 18:27:51,750 - Trying to use logger class org.apache.velocity.runtime.log.Log4JLogChute
2022-04-07 18:27:51,750 - Using logger class org.apache.velocity.runtime.log.Log4JLogChute
2022-04-07 18:27:51,753 - ResourceLoader instantiated: org.apache.velocity.runtime.resource.loader.FileResourceLoader
2022-04-07 18:27:51,753 - Do unicode file recognition:  false
2022-04-07 18:27:51,753 - FileResourceLoader : adding path '.'
2022-04-07 18:27:51,761 - ResourceCache: initialized (class org.apache.velocity.runtime.resource.ResourceCacheImpl) with class java.util.Collections$SynchronizedMap cache map.
2022-04-07 18:27:51,762 - Loaded System Directive: org.apache.velocity.runtime.directive.Stop
2022-04-07 18:27:51,762 - Loaded System Directive: org.apache.velocity.runtime.directive.Define
2022-04-07 18:27:51,763 - Loaded System Directive: org.apache.velocity.runtime.directive.Break
2022-04-07 18:27:51,763 - Loaded System Directive: org.apache.velocity.runtime.directive.Evaluate
2022-04-07 18:27:51,763 - Loaded System Directive: org.apache.velocity.runtime.directive.Literal
2022-04-07 18:27:51,764 - Loaded System Directive: org.apache.velocity.runtime.directive.Macro
2022-04-07 18:27:51,764 - Loaded System Directive: org.apache.velocity.runtime.directive.Parse
2022-04-07 18:27:51,765 - Loaded System Directive: org.apache.velocity.runtime.directive.Include
2022-04-07 18:27:51,765 - Loaded System Directive: org.apache.velocity.runtime.directive.Foreach
2022-04-07 18:27:51,780 - Created '20' parsers.
2022-04-07 18:27:51,782 - Velocimacro : "velocimacro.library" is not set.  Trying default library: VM_global_library.vm
2022-04-07 18:27:51,782 - Velocimacro : Default library not found.
2022-04-07 18:27:51,782 - Velocimacro : allowInline = true : VMs can be defined inline in templates
2022-04-07 18:27:51,782 - Velocimacro : allowInlineToOverride = false : VMs defined inline may NOT replace previous VM definitions
2022-04-07 18:27:51,782 - Velocimacro : allowInlineLocal = false : VMs defined inline will be global in scope if allowed.
2022-04-07 18:27:51,783 - Velocimacro : autoload off : VM system will not automatically reload global library macros
2022-04-07 18:27:51,790 - ResourceManager : found template.vm with loader org.apache.velocity.runtime.resource.loader.FileResourceLoader
2022-04-07 18:31:28,583 - Log4JLogChute initialized using file 'velocity.log'
2022-04-07 18:31:28,584 - Initializing Velocity, Calling init()...
2022-04-07 18:31:28,584 - Starting Apache Velocity v1.7 (compiled: 2010-11-19 12:14:37)
2022-04-07 18:31:28,584 - Default Properties File: org\apache\velocity\runtime\defaults\velocity.properties
2022-04-07 18:31:28,584 - Trying to use logger class org.apache.velocity.runtime.log.AvalonLogChute
2022-04-07 18:31:28,584 - Target log system for org.apache.velocity.runtime.log.AvalonLogChute is not available (java.lang.NoClassDefFoundError: org/apache/log/format/Formatter).  Falling back to next log system...
2022-04-07 18:31:28,584 - Trying to use logger class org.apache.velocity.runtime.log.Log4JLogChute
2022-04-07 18:31:28,584 - Using logger class org.apache.velocity.runtime.log.Log4JLogChute
2022-04-07 18:31:28,586 - ResourceLoader instantiated: org.apache.velocity.runtime.resource.loader.FileResourceLoader
2022-04-07 18:31:28,586 - Do unicode file recognition:  false
2022-04-07 18:31:28,587 - FileResourceLoader : adding path '.'
2022-04-07 18:31:28,592 - ResourceCache: initialized (class org.apache.velocity.runtime.resource.ResourceCacheImpl) with class java.util.Collections$SynchronizedMap cache map.
2022-04-07 18:31:28,594 - Loaded System Directive: org.apache.velocity.runtime.directive.Stop
2022-04-07 18:31:28,595 - Loaded System Directive: org.apache.velocity.runtime.directive.Define
2022-04-07 18:31:28,595 - Loaded System Directive: org.apache.velocity.runtime.directive.Break
2022-04-07 18:31:28,596 - Loaded System Directive: org.apache.velocity.runtime.directive.Evaluate
2022-04-07 18:31:28,596 - Loaded System Directive: org.apache.velocity.runtime.directive.Literal
2022-04-07 18:31:28,597 - Loaded System Directive: org.apache.velocity.runtime.directive.Macro
2022-04-07 18:31:28,598 - Loaded System Directive: org.apache.velocity.runtime.directive.Parse
2022-04-07 18:31:28,598 - Loaded System Directive: org.apache.velocity.runtime.directive.Include
2022-04-07 18:31:28,599 - Loaded System Directive: org.apache.velocity.runtime.directive.Foreach
2022-04-07 18:31:28,616 - Created '20' parsers.
2022-04-07 18:31:28,618 - Velocimacro : "velocimacro.library" is not set.  Trying default library: VM_global_library.vm
2022-04-07 18:31:28,619 - Velocimacro : Default library not found.
2022-04-07 18:31:28,619 - Velocimacro : allowInline = true : VMs can be defined inline in templates
2022-04-07 18:31:28,619 - Velocimacro : allowInlineToOverride = false : VMs defined inline may NOT replace previous VM definitions
2022-04-07 18:31:28,619 - Velocimacro : allowInlineLocal = false : VMs defined inline will be global in scope if allowed.
2022-04-07 18:31:28,619 - Velocimacro : autoload off : VM system will not automatically reload global library macros
2022-04-07 18:31:28,625 - ResourceManager : found template.vm with loader org.apache.velocity.runtime.resource.loader.FileResourceLoader
2022-04-07 18:31:39,154 - Log4JLogChute initialized using file 'velocity.log'
2022-04-07 18:31:39,155 - Initializing Velocity, Calling init()...
2022-04-07 18:31:39,155 - Starting Apache Velocity v1.7 (compiled: 2010-11-19 12:14:37)
2022-04-07 18:31:39,155 - Default Properties File: org\apache\velocity\runtime\defaults\velocity.properties
2022-04-07 18:31:39,155 - Trying to use logger class org.apache.velocity.runtime.log.AvalonLogChute
2022-04-07 18:31:39,155 - Target log system for org.apache.velocity.runtime.log.AvalonLogChute is not available (java.lang.NoClassDefFoundError: org/apache/log/format/Formatter).  Falling back to next log system...
2022-04-07 18:31:39,155 - Trying to use logger class org.apache.velocity.runtime.log.Log4JLogChute
2022-04-07 18:31:39,155 - Using logger class org.apache.velocity.runtime.log.Log4JLogChute
2022-04-07 18:31:39,157 - ResourceLoader instantiated: org.apache.velocity.runtime.resource.loader.FileResourceLoader
2022-04-07 18:31:39,157 - Do unicode file recognition:  false
2022-04-07 18:31:39,157 - FileResourceLoader : adding path '.'
2022-04-07 18:31:39,163 - ResourceCache: initialized (class org.apache.velocity.runtime.resource.ResourceCacheImpl) with class java.util.Collections$SynchronizedMap cache map.
2022-04-07 18:31:39,164 - Loaded System Directive: org.apache.velocity.runtime.directive.Stop
2022-04-07 18:31:39,164 - Loaded System Directive: org.apache.velocity.runtime.directive.Define
2022-04-07 18:31:39,165 - Loaded System Directive: org.apache.velocity.runtime.directive.Break
2022-04-07 18:31:39,165 - Loaded System Directive: org.apache.velocity.runtime.directive.Evaluate
2022-04-07 18:31:39,165 - Loaded System Directive: org.apache.velocity.runtime.directive.Literal
2022-04-07 18:31:39,166 - Loaded System Directive: org.apache.velocity.runtime.directive.Macro
2022-04-07 18:31:39,167 - Loaded System Directive: org.apache.velocity.runtime.directive.Parse
2022-04-07 18:31:39,167 - Loaded System Directive: org.apache.velocity.runtime.directive.Include
2022-04-07 18:31:39,168 - Loaded System Directive: org.apache.velocity.runtime.directive.Foreach
2022-04-07 18:31:39,183 - Created '20' parsers.
2022-04-07 18:31:39,185 - Velocimacro : "velocimacro.library" is not set.  Trying default library: VM_global_library.vm
2022-04-07 18:31:39,185 - Velocimacro : Default library not found.
2022-04-07 18:31:39,185 - Velocimacro : allowInline = true : VMs can be defined inline in templates
2022-04-07 18:31:39,185 - Velocimacro : allowInlineToOverride = false : VMs defined inline may NOT replace previous VM definitions
2022-04-07 18:31:39,185 - Velocimacro : allowInlineLocal = false : VMs defined inline will be global in scope if allowed.
2022-04-07 18:31:39,185 - Velocimacro : autoload off : VM system will not automatically reload global library macros
2022-04-07 18:31:39,192 - ResourceManager : found template.vm with loader org.apache.velocity.runtime.resource.loader.FileResourceLoader
2022-04-07 18:31:51,247 - Log4JLogChute initialized using file 'velocity.log'
2022-04-07 18:31:51,248 - Initializing Velocity, Calling init()...
2022-04-07 18:31:51,248 - Starting Apache Velocity v1.7 (compiled: 2010-11-19 12:14:37)
2022-04-07 18:31:51,248 - Default Properties File: org\apache\velocity\runtime\defaults\velocity.properties
2022-04-07 18:31:51,248 - Trying to use logger class org.apache.velocity.runtime.log.AvalonLogChute
2022-04-07 18:31:51,248 - Target log system for org.apache.velocity.runtime.log.AvalonLogChute is not available (java.lang.NoClassDefFoundError: org/apache/log/format/Formatter).  Falling back to next log system...
2022-04-07 18:31:51,248 - Trying to use logger class org.apache.velocity.runtime.log.Log4JLogChute
2022-04-07 18:31:51,248 - Using logger class org.apache.velocity.runtime.log.Log4JLogChute
2022-04-07 18:31:51,250 - ResourceLoader instantiated: org.apache.velocity.runtime.resource.loader.FileResourceLoader
2022-04-07 18:31:51,250 - Do unicode file recognition:  false
2022-04-07 18:31:51,250 - FileResourceLoader : adding path '.'
2022-04-07 18:31:51,255 - ResourceCache: initialized (class org.apache.velocity.runtime.resource.ResourceCacheImpl) with class java.util.Collections$SynchronizedMap cache map.
2022-04-07 18:31:51,257 - Loaded System Directive: org.apache.velocity.runtime.directive.Stop
2022-04-07 18:31:51,258 - Loaded System Directive: org.apache.velocity.runtime.directive.Define
2022-04-07 18:31:51,258 - Loaded System Directive: org.apache.velocity.runtime.directive.Break
2022-04-07 18:31:51,259 - Loaded System Directive: org.apache.velocity.runtime.directive.Evaluate
2022-04-07 18:31:51,259 - Loaded System Directive: org.apache.velocity.runtime.directive.Literal
2022-04-07 18:31:51,260 - Loaded System Directive: org.apache.velocity.runtime.directive.Macro
2022-04-07 18:31:51,260 - Loaded System Directive: org.apache.velocity.runtime.directive.Parse
2022-04-07 18:31:51,261 - Loaded System Directive: org.apache.velocity.runtime.directive.Include
2022-04-07 18:31:51,261 - Loaded System Directive: org.apache.velocity.runtime.directive.Foreach
2022-04-07 18:31:51,276 - Created '20' parsers.
2022-04-07 18:31:51,278 - Velocimacro : "velocimacro.library" is not set.  Trying default library: VM_global_library.vm
2022-04-07 18:31:51,279 - Velocimacro : Default library not found.
2022-04-07 18:31:51,279 - Velocimacro : allowInline = true : VMs can be defined inline in templates
2022-04-07 18:31:51,279 - Velocimacro : allowInlineToOverride = false : VMs defined inline may NOT replace previous VM definitions
2022-04-07 18:31:51,279 - Velocimacro : allowInlineLocal = false : VMs defined inline will be global in scope if allowed.
2022-04-07 18:31:51,279 - Velocimacro : autoload off : VM system will not automatically reload global library macros
2022-04-07 18:31:51,285 - ResourceManager : found template.vm with loader org.apache.velocity.runtime.resource.loader.FileResourceLoader
2022-04-07 18:32:00,065 - Log4JLogChute initialized using file 'velocity.log'
2022-04-07 18:32:00,066 - Initializing Velocity, Calling init()...
2022-04-07 18:32:00,066 - Starting Apache Velocity v1.7 (compiled: 2010-11-19 12:14:37)
2022-04-07 18:32:00,066 - Default Properties File: org\apache\velocity\runtime\defaults\velocity.properties
2022-04-07 18:32:00,066 - Trying to use logger class org.apache.velocity.runtime.log.AvalonLogChute
2022-04-07 18:32:00,066 - Target log system for org.apache.velocity.runtime.log.AvalonLogChute is not available (java.lang.NoClassDefFoundError: org/apache/log/format/Formatter).  Falling back to next log system...
2022-04-07 18:32:00,066 - Trying to use logger class org.apache.velocity.runtime.log.Log4JLogChute
2022-04-07 18:32:00,066 - Using logger class org.apache.velocity.runtime.log.Log4JLogChute
2022-04-07 18:32:00,068 - ResourceLoader instantiated: org.apache.velocity.runtime.resource.loader.FileResourceLoader
2022-04-07 18:32:00,069 - Do unicode file recognition:  false
2022-04-07 18:32:00,069 - FileResourceLoader : adding path '.'
2022-04-07 18:32:00,074 - ResourceCache: initialized (class org.apache.velocity.runtime.resource.ResourceCacheImpl) with class java.util.Collections$SynchronizedMap cache map.
2022-04-07 18:32:00,075 - Loaded System Directive: org.apache.velocity.runtime.directive.Stop
2022-04-07 18:32:00,076 - Loaded System Directive: org.apache.velocity.runtime.directive.Define
2022-04-07 18:32:00,076 - Loaded System Directive: org.apache.velocity.runtime.directive.Break
2022-04-07 18:32:00,077 - Loaded System Directive: org.apache.velocity.runtime.directive.Evaluate
2022-04-07 18:32:00,077 - Loaded System Directive: org.apache.velocity.runtime.directive.Literal
2022-04-07 18:32:00,077 - Loaded System Directive: org.apache.velocity.runtime.directive.Macro
2022-04-07 18:32:00,078 - Loaded System Directive: org.apache.velocity.runtime.directive.Parse
2022-04-07 18:32:00,079 - Loaded System Directive: org.apache.velocity.runtime.directive.Include
2022-04-07 18:32:00,079 - Loaded System Directive: org.apache.velocity.runtime.directive.Foreach
2022-04-07 18:32:00,098 - Created '20' parsers.
2022-04-07 18:32:00,100 - Velocimacro : "velocimacro.library" is not set.  Trying default library: VM_global_library.vm
2022-04-07 18:32:00,100 - Velocimacro : Default library not found.
2022-04-07 18:32:00,100 - Velocimacro : allowInline = true : VMs can be defined inline in templates
2022-04-07 18:32:00,100 - Velocimacro : allowInlineToOverride = false : VMs defined inline may NOT replace previous VM definitions
2022-04-07 18:32:00,100 - Velocimacro : allowInlineLocal = false : VMs defined inline will be global in scope if allowed.
2022-04-07 18:32:00,100 - Velocimacro : autoload off : VM system will not automatically reload global library macros
2022-04-07 18:32:00,107 - ResourceManager : found template.vm with loader org.apache.velocity.runtime.resource.loader.FileResourceLoader
2022-04-07 18:32:06,279 - Log4JLogChute initialized using file 'velocity.log'
2022-04-07 18:32:06,279 - Initializing Velocity, Calling init()...
2022-04-07 18:32:06,279 - Starting Apache Velocity v1.7 (compiled: 2010-11-19 12:14:37)
2022-04-07 18:32:06,280 - Default Properties File: org\apache\velocity\runtime\defaults\velocity.properties
2022-04-07 18:32:06,280 - Trying to use logger class org.apache.velocity.runtime.log.AvalonLogChute
2022-04-07 18:32:06,280 - Target log system for org.apache.velocity.runtime.log.AvalonLogChute is not available (java.lang.NoClassDefFoundError: org/apache/log/format/Formatter).  Falling back to next log system...
2022-04-07 18:32:06,280 - Trying to use logger class org.apache.velocity.runtime.log.Log4JLogChute
2022-04-07 18:32:06,280 - Using logger class org.apache.velocity.runtime.log.Log4JLogChute
2022-04-07 18:32:06,281 - ResourceLoader instantiated: org.apache.velocity.runtime.resource.loader.FileResourceLoader
2022-04-07 18:32:06,282 - Do unicode file recognition:  false
2022-04-07 18:32:06,282 - FileResourceLoader : adding path '.'
2022-04-07 18:32:06,287 - ResourceCache: initialized (class org.apache.velocity.runtime.resource.ResourceCacheImpl) with class java.util.Collections$SynchronizedMap cache map.
2022-04-07 18:32:06,289 - Loaded System Directive: org.apache.velocity.runtime.directive.Stop
2022-04-07 18:32:06,290 - Loaded System Directive: org.apache.velocity.runtime.directive.Define
2022-04-07 18:32:06,290 - Loaded System Directive: org.apache.velocity.runtime.directive.Break
2022-04-07 18:32:06,291 - Loaded System Directive: org.apache.velocity.runtime.directive.Evaluate
2022-04-07 18:32:06,291 - Loaded System Directive: org.apache.velocity.runtime.directive.Literal
2022-04-07 18:32:06,292 - Loaded System Directive: org.apache.velocity.runtime.directive.Macro
2022-04-07 18:32:06,293 - Loaded System Directive: org.apache.velocity.runtime.directive.Parse
2022-04-07 18:32:06,293 - Loaded System Directive: org.apache.velocity.runtime.directive.Include
2022-04-07 18:32:06,294 - Loaded System Directive: org.apache.velocity.runtime.directive.Foreach
2022-04-07 18:32:06,310 - Created '20' parsers.
2022-04-07 18:32:06,312 - Velocimacro : "velocimacro.library" is not set.  Trying default library: VM_global_library.vm
2022-04-07 18:32:06,312 - Velocimacro : Default library not found.
2022-04-07 18:32:06,312 - Velocimacro : allowInline = true : VMs can be defined inline in templates
2022-04-07 18:32:06,312 - Velocimacro : allowInlineToOverride = false : VMs defined inline may NOT replace previous VM definitions
2022-04-07 18:32:06,312 - Velocimacro : allowInlineLocal = false : VMs defined inline will be global in scope if allowed.
2022-04-07 18:32:06,312 - Velocimacro : autoload off : VM system will not automatically reload global library macros
2022-04-07 18:32:06,319 - ResourceManager : found template.vm with loader org.apache.velocity.runtime.resource.loader.FileResourceLoader
2022-04-07 18:32:18,509 - Log4JLogChute initialized using file 'velocity.log'
2022-04-07 18:32:18,509 - Initializing Velocity, Calling init()...
2022-04-07 18:32:18,509 - Starting Apache Velocity v1.7 (compiled: 2010-11-19 12:14:37)
2022-04-07 18:32:18,509 - Default Properties File: org\apache\velocity\runtime\defaults\velocity.properties
2022-04-07 18:32:18,509 - Trying to use logger class org.apache.velocity.runtime.log.AvalonLogChute
2022-04-07 18:32:18,509 - Target log system for org.apache.velocity.runtime.log.AvalonLogChute is not available (java.lang.NoClassDefFoundError: org/apache/log/format/Formatter).  Falling back to next log system...
2022-04-07 18:32:18,509 - Trying to use logger class org.apache.velocity.runtime.log.Log4JLogChute
2022-04-07 18:32:18,509 - Using logger class org.apache.velocity.runtime.log.Log4JLogChute
2022-04-07 18:32:18,511 - ResourceLoader instantiated: org.apache.velocity.runtime.resource.loader.FileResourceLoader
2022-04-07 18:32:18,512 - Do unicode file recognition:  false
2022-04-07 18:32:18,512 - FileResourceLoader : adding path '.'
2022-04-07 18:32:18,518 - ResourceCache: initialized (class org.apache.velocity.runtime.resource.ResourceCacheImpl) with class java.util.Collections$SynchronizedMap cache map.
2022-04-07 18:32:18,519 - Loaded System Directive: org.apache.velocity.runtime.directive.Stop
2022-04-07 18:32:18,519 - Loaded System Directive: org.apache.velocity.runtime.directive.Define
2022-04-07 18:32:18,520 - Loaded System Directive: org.apache.velocity.runtime.directive.Break
2022-04-07 18:32:18,520 - Loaded System Directive: org.apache.velocity.runtime.directive.Evaluate
2022-04-07 18:32:18,520 - Loaded System Directive: org.apache.velocity.runtime.directive.Literal
2022-04-07 18:32:18,521 - Loaded System Directive: org.apache.velocity.runtime.directive.Macro
2022-04-07 18:32:18,521 - Loaded System Directive: org.apache.velocity.runtime.directive.Parse
2022-04-07 18:32:18,522 - Loaded System Directive: org.apache.velocity.runtime.directive.Include
2022-04-07 18:32:18,522 - Loaded System Directive: org.apache.velocity.runtime.directive.Foreach
2022-04-07 18:32:18,536 - Created '20' parsers.
2022-04-07 18:32:18,538 - Velocimacro : "velocimacro.library" is not set.  Trying default library: VM_global_library.vm
2022-04-07 18:32:18,538 - Velocimacro : Default library not found.
2022-04-07 18:32:18,538 - Velocimacro : allowInline = true : VMs can be defined inline in templates
2022-04-07 18:32:18,538 - Velocimacro : allowInlineToOverride = false : VMs defined inline may NOT replace previous VM definitions
2022-04-07 18:32:18,539 - Velocimacro : allowInlineLocal = false : VMs defined inline will be global in scope if allowed.
2022-04-07 18:32:18,539 - Velocimacro : autoload off : VM system will not automatically reload global library macros
2022-04-07 18:32:18,544 - ResourceManager : found template.vm with loader org.apache.velocity.runtime.resource.loader.FileResourceLoader
2022-04-07 18:32:31,798 - Log4JLogChute initialized using file 'velocity.log'
2022-04-07 18:32:31,798 - Initializing Velocity, Calling init()...
2022-04-07 18:32:31,798 - Starting Apache Velocity v1.7 (compiled: 2010-11-19 12:14:37)
2022-04-07 18:32:31,798 - Default Properties File: org\apache\velocity\runtime\defaults\velocity.properties
2022-04-07 18:32:31,798 - Trying to use logger class org.apache.velocity.runtime.log.AvalonLogChute
2022-04-07 18:32:31,798 - Target log system for org.apache.velocity.runtime.log.AvalonLogChute is not available (java.lang.NoClassDefFoundError: org/apache/log/format/Formatter).  Falling back to next log system...
2022-04-07 18:32:31,798 - Trying to use logger class org.apache.velocity.runtime.log.Log4JLogChute
2022-04-07 18:32:31,798 - Using logger class org.apache.velocity.runtime.log.Log4JLogChute
2022-04-07 18:32:31,800 - ResourceLoader instantiated: org.apache.velocity.runtime.resource.loader.FileResourceLoader
2022-04-07 18:32:31,801 - Do unicode file recognition:  false
2022-04-07 18:32:31,801 - FileResourceLoader : adding path '.'
2022-04-07 18:32:31,809 - ResourceCache: initialized (class org.apache.velocity.runtime.resource.ResourceCacheImpl) with class java.util.Collections$SynchronizedMap cache map.
2022-04-07 18:32:31,810 - Loaded System Directive: org.apache.velocity.runtime.directive.Stop
2022-04-07 18:32:31,811 - Loaded System Directive: org.apache.velocity.runtime.directive.Define
2022-04-07 18:32:31,811 - Loaded System Directive: org.apache.velocity.runtime.directive.Break
2022-04-07 18:32:31,812 - Loaded System Directive: org.apache.velocity.runtime.directive.Evaluate
2022-04-07 18:32:31,812 - Loaded System Directive: org.apache.velocity.runtime.directive.Literal
2022-04-07 18:32:31,813 - Loaded System Directive: org.apache.velocity.runtime.directive.Macro
2022-04-07 18:32:31,813 - Loaded System Directive: org.apache.velocity.runtime.directive.Parse
2022-04-07 18:32:31,814 - Loaded System Directive: org.apache.velocity.runtime.directive.Include
2022-04-07 18:32:31,814 - Loaded System Directive: org.apache.velocity.runtime.directive.Foreach
2022-04-07 18:32:31,829 - Created '20' parsers.
2022-04-07 18:32:31,831 - Velocimacro : "velocimacro.library" is not set.  Trying default library: VM_global_library.vm
2022-04-07 18:32:31,831 - Velocimacro : Default library not found.
2022-04-07 18:32:31,832 - Velocimacro : allowInline = true : VMs can be defined inline in templates
2022-04-07 18:32:31,832 - Velocimacro : allowInlineToOverride = false : VMs defined inline may NOT replace previous VM definitions
2022-04-07 18:32:31,832 - Velocimacro : allowInlineLocal = false : VMs defined inline will be global in scope if allowed.
2022-04-07 18:32:31,832 - Velocimacro : autoload off : VM system will not automatically reload global library macros
2022-04-07 18:32:31,838 - ResourceManager : found template.vm with loader org.apache.velocity.runtime.resource.loader.FileResourceLoader
2022-04-07 18:32:36,455 - Log4JLogChute initialized using file 'velocity.log'
2022-04-07 18:32:36,455 - Initializing Velocity, Calling init()...
2022-04-07 18:32:36,455 - Starting Apache Velocity v1.7 (compiled: 2010-11-19 12:14:37)
2022-04-07 18:32:36,455 - Default Properties File: org\apache\velocity\runtime\defaults\velocity.properties
2022-04-07 18:32:36,455 - Trying to use logger class org.apache.velocity.runtime.log.AvalonLogChute
2022-04-07 18:32:36,455 - Target log system for org.apache.velocity.runtime.log.AvalonLogChute is not available (java.lang.NoClassDefFoundError: org/apache/log/format/Formatter).  Falling back to next log system...
2022-04-07 18:32:36,455 - Trying to use logger class org.apache.velocity.runtime.log.Log4JLogChute
2022-04-07 18:32:36,455 - Using logger class org.apache.velocity.runtime.log.Log4JLogChute
2022-04-07 18:32:36,457 - ResourceLoader instantiated: org.apache.velocity.runtime.resource.loader.FileResourceLoader
2022-04-07 18:32:36,458 - Do unicode file recognition:  false
2022-04-07 18:32:36,458 - FileResourceLoader : adding path '.'
2022-04-07 18:32:36,463 - ResourceCache: initialized (class org.apache.velocity.runtime.resource.ResourceCacheImpl) with class java.util.Collections$SynchronizedMap cache map.
2022-04-07 18:32:36,465 - Loaded System Directive: org.apache.velocity.runtime.directive.Stop
2022-04-07 18:32:36,465 - Loaded System Directive: org.apache.velocity.runtime.directive.Define
2022-04-07 18:32:36,465 - Loaded System Directive: org.apache.velocity.runtime.directive.Break
2022-04-07 18:32:36,466 - Loaded System Directive: org.apache.velocity.runtime.directive.Evaluate
2022-04-07 18:32:36,466 - Loaded System Directive: org.apache.velocity.runtime.directive.Literal
2022-04-07 18:32:36,467 - Loaded System Directive: org.apache.velocity.runtime.directive.Macro
2022-04-07 18:32:36,467 - Loaded System Directive: org.apache.velocity.runtime.directive.Parse
2022-04-07 18:32:36,468 - Loaded System Directive: org.apache.velocity.runtime.directive.Include
2022-04-07 18:32:36,469 - Loaded System Directive: org.apache.velocity.runtime.directive.Foreach
2022-04-07 18:32:36,484 - Created '20' parsers.
2022-04-07 18:32:36,486 - Velocimacro : "velocimacro.library" is not set.  Trying default library: VM_global_library.vm
2022-04-07 18:32:36,487 - Velocimacro : Default library not found.
2022-04-07 18:32:36,487 - Velocimacro : allowInline = true : VMs can be defined inline in templates
2022-04-07 18:32:36,487 - Velocimacro : allowInlineToOverride = false : VMs defined inline may NOT replace previous VM definitions
2022-04-07 18:32:36,487 - Velocimacro : allowInlineLocal = false : VMs defined inline will be global in scope if allowed.
2022-04-07 18:32:36,487 - Velocimacro : autoload off : VM system will not automatically reload global library macros
2022-04-07 18:32:36,493 - ResourceManager : found template.vm with loader org.apache.velocity.runtime.resource.loader.FileResourceLoader
2022-04-07 18:34:42,980 - Log4JLogChute initialized using file 'velocity.log'
2022-04-07 18:34:42,980 - Initializing Velocity, Calling init()...
2022-04-07 18:34:42,980 - Starting Apache Velocity v1.7 (compiled: 2010-11-19 12:14:37)
2022-04-07 18:34:42,980 - Default Properties File: org\apache\velocity\runtime\defaults\velocity.properties
2022-04-07 18:34:42,980 - Trying to use logger class org.apache.velocity.runtime.log.AvalonLogChute
2022-04-07 18:34:42,980 - Target log system for org.apache.velocity.runtime.log.AvalonLogChute is not available (java.lang.NoClassDefFoundError: org/apache/log/format/Formatter).  Falling back to next log system...
2022-04-07 18:34:42,980 - Trying to use logger class org.apache.velocity.runtime.log.Log4JLogChute
2022-04-07 18:34:42,980 - Using logger class org.apache.velocity.runtime.log.Log4JLogChute
2022-04-07 18:34:42,983 - ResourceLoader instantiated: org.apache.velocity.runtime.resource.loader.FileResourceLoader
2022-04-07 18:34:42,984 - Do unicode file recognition:  false
2022-04-07 18:34:42,984 - FileResourceLoader : adding path '.'
2022-04-07 18:34:42,990 - ResourceCache: initialized (class org.apache.velocity.runtime.resource.ResourceCacheImpl) with class java.util.Collections$SynchronizedMap cache map.
2022-04-07 18:34:42,991 - Loaded System Directive: org.apache.velocity.runtime.directive.Stop
2022-04-07 18:34:42,992 - Loaded System Directive: org.apache.velocity.runtime.directive.Define
2022-04-07 18:34:42,992 - Loaded System Directive: org.apache.velocity.runtime.directive.Break
2022-04-07 18:34:42,993 - Loaded System Directive: org.apache.velocity.runtime.directive.Evaluate
2022-04-07 18:34:42,993 - Loaded System Directive: org.apache.velocity.runtime.directive.Literal
2022-04-07 18:34:42,994 - Loaded System Directive: org.apache.velocity.runtime.directive.Macro
2022-04-07 18:34:42,995 - Loaded System Directive: org.apache.velocity.runtime.directive.Parse
2022-04-07 18:34:42,995 - Loaded System Directive: org.apache.velocity.runtime.directive.Include
2022-04-07 18:34:42,996 - Loaded System Directive: org.apache.velocity.runtime.directive.Foreach
2022-04-07 18:34:43,010 - Created '20' parsers.
2022-04-07 18:34:43,012 - Velocimacro : "velocimacro.library" is not set.  Trying default library: VM_global_library.vm
2022-04-07 18:34:43,013 - Velocimacro : Default library not found.
2022-04-07 18:34:43,013 - Velocimacro : allowInline = true : VMs can be defined inline in templates
2022-04-07 18:34:43,013 - Velocimacro : allowInlineToOverride = false : VMs defined inline may NOT replace previous VM definitions
2022-04-07 18:34:43,013 - Velocimacro : allowInlineLocal = false : VMs defined inline will be global in scope if allowed.
2022-04-07 18:34:43,013 - Velocimacro : autoload off : VM system will not automatically reload global library macros
2022-04-07 18:34:43,019 - ResourceManager : found template.vm with loader org.apache.velocity.runtime.resource.loader.FileResourceLoader
2022-04-07 18:35:18,700 - Log4JLogChute initialized using file 'velocity.log'
2022-04-07 18:35:18,700 - Initializing Velocity, Calling init()...
2022-04-07 18:35:18,700 - Starting Apache Velocity v1.7 (compiled: 2010-11-19 12:14:37)
2022-04-07 18:35:18,700 - Default Properties File: org\apache\velocity\runtime\defaults\velocity.properties
2022-04-07 18:35:18,700 - Trying to use logger class org.apache.velocity.runtime.log.AvalonLogChute
2022-04-07 18:35:18,700 - Target log system for org.apache.velocity.runtime.log.AvalonLogChute is not available (java.lang.NoClassDefFoundError: org/apache/log/format/Formatter).  Falling back to next log system...
2022-04-07 18:35:18,700 - Trying to use logger class org.apache.velocity.runtime.log.Log4JLogChute
2022-04-07 18:35:18,700 - Using logger class org.apache.velocity.runtime.log.Log4JLogChute
2022-04-07 18:35:18,702 - ResourceLoader instantiated: org.apache.velocity.runtime.resource.loader.FileResourceLoader
2022-04-07 18:35:18,703 - Do unicode file recognition:  false
2022-04-07 18:35:18,703 - FileResourceLoader : adding path '.'
2022-04-07 18:35:18,708 - ResourceCache: initialized (class org.apache.velocity.runtime.resource.ResourceCacheImpl) with class java.util.Collections$SynchronizedMap cache map.
2022-04-07 18:35:18,709 - Loaded System Directive: org.apache.velocity.runtime.directive.Stop
2022-04-07 18:35:18,710 - Loaded System Directive: org.apache.velocity.runtime.directive.Define
2022-04-07 18:35:18,710 - Loaded System Directive: org.apache.velocity.runtime.directive.Break
2022-04-07 18:35:18,711 - Loaded System Directive: org.apache.velocity.runtime.directive.Evaluate
2022-04-07 18:35:18,711 - Loaded System Directive: org.apache.velocity.runtime.directive.Literal
2022-04-07 18:35:18,712 - Loaded System Directive: org.apache.velocity.runtime.directive.Macro
2022-04-07 18:35:18,712 - Loaded System Directive: org.apache.velocity.runtime.directive.Parse
2022-04-07 18:35:18,713 - Loaded System Directive: org.apache.velocity.runtime.directive.Include
2022-04-07 18:35:18,713 - Loaded System Directive: org.apache.velocity.runtime.directive.Foreach
2022-04-07 18:35:18,729 - Created '20' parsers.
2022-04-07 18:35:18,731 - Velocimacro : "velocimacro.library" is not set.  Trying default library: VM_global_library.vm
2022-04-07 18:35:18,731 - Velocimacro : Default library not found.
2022-04-07 18:35:18,731 - Velocimacro : allowInline = true : VMs can be defined inline in templates
2022-04-07 18:35:18,731 - Velocimacro : allowInlineToOverride = false : VMs defined inline may NOT replace previous VM definitions
2022-04-07 18:35:18,731 - Velocimacro : allowInlineLocal = false : VMs defined inline will be global in scope if allowed.
2022-04-07 18:35:18,731 - Velocimacro : autoload off : VM system will not automatically reload global library macros
2022-04-07 18:35:18,737 - ResourceManager : found template.vm with loader org.apache.velocity.runtime.resource.loader.FileResourceLoader
2022-04-07 18:35:28,715 - Log4JLogChute initialized using file 'velocity.log'
2022-04-07 18:35:28,715 - Initializing Velocity, Calling init()...
2022-04-07 18:35:28,715 - Starting Apache Velocity v1.7 (compiled: 2010-11-19 12:14:37)
2022-04-07 18:35:28,715 - Default Properties File: org\apache\velocity\runtime\defaults\velocity.properties
2022-04-07 18:35:28,715 - Trying to use logger class org.apache.velocity.runtime.log.AvalonLogChute
2022-04-07 18:35:28,716 - Target log system for org.apache.velocity.runtime.log.AvalonLogChute is not available (java.lang.NoClassDefFoundError: org/apache/log/format/Formatter).  Falling back to next log system...
2022-04-07 18:35:28,716 - Trying to use logger class org.apache.velocity.runtime.log.Log4JLogChute
2022-04-07 18:35:28,716 - Using logger class org.apache.velocity.runtime.log.Log4JLogChute
2022-04-07 18:35:28,719 - ResourceLoader instantiated: org.apache.velocity.runtime.resource.loader.FileResourceLoader
2022-04-07 18:35:28,719 - Do unicode file recognition:  false
2022-04-07 18:35:28,719 - FileResourceLoader : adding path '.'
2022-04-07 18:35:28,726 - ResourceCache: initialized (class org.apache.velocity.runtime.resource.ResourceCacheImpl) with class java.util.Collections$SynchronizedMap cache map.
2022-04-07 18:35:28,728 - Loaded System Directive: org.apache.velocity.runtime.directive.Stop
2022-04-07 18:35:28,729 - Loaded System Directive: org.apache.velocity.runtime.directive.Define
2022-04-07 18:35:28,730 - Loaded System Directive: org.apache.velocity.runtime.directive.Break
2022-04-07 18:35:28,730 - Loaded System Directive: org.apache.velocity.runtime.directive.Evaluate
2022-04-07 18:35:28,731 - Loaded System Directive: org.apache.velocity.runtime.directive.Literal
2022-04-07 18:35:28,731 - Loaded System Directive: org.apache.velocity.runtime.directive.Macro
2022-04-07 18:35:28,732 - Loaded System Directive: org.apache.velocity.runtime.directive.Parse
2022-04-07 18:35:28,732 - Loaded System Directive: org.apache.velocity.runtime.directive.Include
2022-04-07 18:35:28,733 - Loaded System Directive: org.apache.velocity.runtime.directive.Foreach
2022-04-07 18:35:28,749 - Created '20' parsers.
2022-04-07 18:35:28,751 - Velocimacro : "velocimacro.library" is not set.  Trying default library: VM_global_library.vm
2022-04-07 18:35:28,751 - Velocimacro : Default library not found.
2022-04-07 18:35:28,751 - Velocimacro : allowInline = true : VMs can be defined inline in templates
2022-04-07 18:35:28,751 - Velocimacro : allowInlineToOverride = false : VMs defined inline may NOT replace previous VM definitions
2022-04-07 18:35:28,751 - Velocimacro : allowInlineLocal = false : VMs defined inline will be global in scope if allowed.
2022-04-07 18:35:28,751 - Velocimacro : autoload off : VM system will not automatically reload global library macros
2022-04-07 18:35:28,759 - ResourceManager : found template.vm with loader org.apache.velocity.runtime.resource.loader.FileResourceLoader
2022-04-07 18:36:32,601 - Log4JLogChute initialized using file 'velocity.log'
2022-04-07 18:36:32,601 - Initializing Velocity, Calling init()...
2022-04-07 18:36:32,601 - Starting Apache Velocity v1.7 (compiled: 2010-11-19 12:14:37)
2022-04-07 18:36:32,601 - Default Properties File: org\apache\velocity\runtime\defaults\velocity.properties
2022-04-07 18:36:32,601 - Trying to use logger class org.apache.velocity.runtime.log.AvalonLogChute
2022-04-07 18:36:32,601 - Target log system for org.apache.velocity.runtime.log.AvalonLogChute is not available (java.lang.NoClassDefFoundError: org/apache/log/format/Formatter).  Falling back to next log system...
2022-04-07 18:36:32,601 - Trying to use logger class org.apache.velocity.runtime.log.Log4JLogChute
2022-04-07 18:36:32,602 - Using logger class org.apache.velocity.runtime.log.Log4JLogChute
2022-04-07 18:36:32,604 - ResourceLoader instantiated: org.apache.velocity.runtime.resource.loader.FileResourceLoader
2022-04-07 18:36:32,604 - Do unicode file recognition:  false
2022-04-07 18:36:32,604 - FileResourceLoader : adding path '.'
2022-04-07 18:36:32,610 - ResourceCache: initialized (class org.apache.velocity.runtime.resource.ResourceCacheImpl) with class java.util.Collections$SynchronizedMap cache map.
2022-04-07 18:36:32,611 - Loaded System Directive: org.apache.velocity.runtime.directive.Stop
2022-04-07 18:36:32,612 - Loaded System Directive: org.apache.velocity.runtime.directive.Define
2022-04-07 18:36:32,612 - Loaded System Directive: org.apache.velocity.runtime.directive.Break
2022-04-07 18:36:32,613 - Loaded System Directive: org.apache.velocity.runtime.directive.Evaluate
2022-04-07 18:36:32,613 - Loaded System Directive: org.apache.velocity.runtime.directive.Literal
2022-04-07 18:36:32,613 - Loaded System Directive: org.apache.velocity.runtime.directive.Macro
2022-04-07 18:36:32,614 - Loaded System Directive: org.apache.velocity.runtime.directive.Parse
2022-04-07 18:36:32,614 - Loaded System Directive: org.apache.velocity.runtime.directive.Include
2022-04-07 18:36:32,615 - Loaded System Directive: org.apache.velocity.runtime.directive.Foreach
2022-04-07 18:36:32,630 - Created '20' parsers.
2022-04-07 18:36:32,632 - Velocimacro : "velocimacro.library" is not set.  Trying default library: VM_global_library.vm
2022-04-07 18:36:32,632 - Velocimacro : Default library not found.
2022-04-07 18:36:32,632 - Velocimacro : allowInline = true : VMs can be defined inline in templates
2022-04-07 18:36:32,632 - Velocimacro : allowInlineToOverride = false : VMs defined inline may NOT replace previous VM definitions
2022-04-07 18:36:32,632 - Velocimacro : allowInlineLocal = false : VMs defined inline will be global in scope if allowed.
2022-04-07 18:36:32,632 - Velocimacro : autoload off : VM system will not automatically reload global library macros
2022-04-07 18:36:32,638 - ResourceManager : found template.vm with loader org.apache.velocity.runtime.resource.loader.FileResourceLoader
2022-04-07 18:37:06,888 - Log4JLogChute initialized using file 'velocity.log'
2022-04-07 18:37:06,888 - Initializing Velocity, Calling init()...
2022-04-07 18:37:06,888 - Starting Apache Velocity v1.7 (compiled: 2010-11-19 12:14:37)
2022-04-07 18:37:06,888 - Default Properties File: org\apache\velocity\runtime\defaults\velocity.properties
2022-04-07 18:37:06,888 - Trying to use logger class org.apache.velocity.runtime.log.AvalonLogChute
2022-04-07 18:37:06,888 - Target log system for org.apache.velocity.runtime.log.AvalonLogChute is not available (java.lang.NoClassDefFoundError: org/apache/log/format/Formatter).  Falling back to next log system...
2022-04-07 18:37:06,888 - Trying to use logger class org.apache.velocity.runtime.log.Log4JLogChute
2022-04-07 18:37:06,888 - Using logger class org.apache.velocity.runtime.log.Log4JLogChute
2022-04-07 18:37:06,890 - ResourceLoader instantiated: org.apache.velocity.runtime.resource.loader.FileResourceLoader
2022-04-07 18:37:06,891 - Do unicode file recognition:  false
2022-04-07 18:37:06,891 - FileResourceLoader : adding path '.'
2022-04-07 18:37:06,896 - ResourceCache: initialized (class org.apache.velocity.runtime.resource.ResourceCacheImpl) with class java.util.Collections$SynchronizedMap cache map.
2022-04-07 18:37:06,897 - Loaded System Directive: org.apache.velocity.runtime.directive.Stop
2022-04-07 18:37:06,898 - Loaded System Directive: org.apache.velocity.runtime.directive.Define
2022-04-07 18:37:06,898 - Loaded System Directive: org.apache.velocity.runtime.directive.Break
2022-04-07 18:37:06,899 - Loaded System Directive: org.apache.velocity.runtime.directive.Evaluate
2022-04-07 18:37:06,899 - Loaded System Directive: org.apache.velocity.runtime.directive.Literal
2022-04-07 18:37:06,900 - Loaded System Directive: org.apache.velocity.runtime.directive.Macro
2022-04-07 18:37:06,900 - Loaded System Directive: org.apache.velocity.runtime.directive.Parse
2022-04-07 18:37:06,901 - Loaded System Directive: org.apache.velocity.runtime.directive.Include
2022-04-07 18:37:06,901 - Loaded System Directive: org.apache.velocity.runtime.directive.Foreach
2022-04-07 18:37:06,917 - Created '20' parsers.
2022-04-07 18:37:06,919 - Velocimacro : "velocimacro.library" is not set.  Trying default library: VM_global_library.vm
2022-04-07 18:37:06,919 - Velocimacro : Default library not found.
2022-04-07 18:37:06,919 - Velocimacro : allowInline = true : VMs can be defined inline in templates
2022-04-07 18:37:06,919 - Velocimacro : allowInlineToOverride = false : VMs defined inline may NOT replace previous VM definitions
2022-04-07 18:37:06,919 - Velocimacro : allowInlineLocal = false : VMs defined inline will be global in scope if allowed.
2022-04-07 18:37:06,919 - Velocimacro : autoload off : VM system will not automatically reload global library macros
2022-04-07 18:37:06,925 - ResourceManager : found template.vm with loader org.apache.velocity.runtime.resource.loader.FileResourceLoader
2022-04-07 18:37:17,311 - Log4JLogChute initialized using file 'velocity.log'
2022-04-07 18:37:17,311 - Initializing Velocity, Calling init()...
2022-04-07 18:37:17,311 - Starting Apache Velocity v1.7 (compiled: 2010-11-19 12:14:37)
2022-04-07 18:37:17,311 - Default Properties File: org\apache\velocity\runtime\defaults\velocity.properties
2022-04-07 18:37:17,311 - Trying to use logger class org.apache.velocity.runtime.log.AvalonLogChute
2022-04-07 18:37:17,311 - Target log system for org.apache.velocity.runtime.log.AvalonLogChute is not available (java.lang.NoClassDefFoundError: org/apache/log/format/Formatter).  Falling back to next log system...
2022-04-07 18:37:17,311 - Trying to use logger class org.apache.velocity.runtime.log.Log4JLogChute
2022-04-07 18:37:17,311 - Using logger class org.apache.velocity.runtime.log.Log4JLogChute
2022-04-07 18:37:17,313 - ResourceLoader instantiated: org.apache.velocity.runtime.resource.loader.FileResourceLoader
2022-04-07 18:37:17,313 - Do unicode file recognition:  false
2022-04-07 18:37:17,313 - FileResourceLoader : adding path '.'
2022-04-07 18:37:17,319 - ResourceCache: initialized (class org.apache.velocity.runtime.resource.ResourceCacheImpl) with class java.util.Collections$SynchronizedMap cache map.
2022-04-07 18:37:17,320 - Loaded System Directive: org.apache.velocity.runtime.directive.Stop
2022-04-07 18:37:17,321 - Loaded System Directive: org.apache.velocity.runtime.directive.Define
2022-04-07 18:37:17,321 - Loaded System Directive: org.apache.velocity.runtime.directive.Break
2022-04-07 18:37:17,322 - Loaded System Directive: org.apache.velocity.runtime.directive.Evaluate
2022-04-07 18:37:17,322 - Loaded System Directive: org.apache.velocity.runtime.directive.Literal
2022-04-07 18:37:17,323 - Loaded System Directive: org.apache.velocity.runtime.directive.Macro
2022-04-07 18:37:17,323 - Loaded System Directive: org.apache.velocity.runtime.directive.Parse
2022-04-07 18:37:17,324 - Loaded System Directive: org.apache.velocity.runtime.directive.Include
2022-04-07 18:37:17,324 - Loaded System Directive: org.apache.velocity.runtime.directive.Foreach
2022-04-07 18:37:17,338 - Created '20' parsers.
2022-04-07 18:37:17,340 - Velocimacro : "velocimacro.library" is not set.  Trying default library: VM_global_library.vm
2022-04-07 18:37:17,340 - Velocimacro : Default library not found.
2022-04-07 18:37:17,340 - Velocimacro : allowInline = true : VMs can be defined inline in templates
2022-04-07 18:37:17,340 - Velocimacro : allowInlineToOverride = false : VMs defined inline may NOT replace previous VM definitions
2022-04-07 18:37:17,340 - Velocimacro : allowInlineLocal = false : VMs defined inline will be global in scope if allowed.
2022-04-07 18:37:17,340 - Velocimacro : autoload off : VM system will not automatically reload global library macros
2022-04-07 18:37:17,347 - ResourceManager : found template.vm with loader org.apache.velocity.runtime.resource.loader.FileResourceLoader
2022-04-07 18:44:11,415 - Log4JLogChute initialized using file 'velocity.log'
2022-04-07 18:44:11,416 - Initializing Velocity, Calling init()...
2022-04-07 18:44:11,416 - Starting Apache Velocity v1.7 (compiled: 2010-11-19 12:14:37)
2022-04-07 18:44:11,416 - Default Properties File: org\apache\velocity\runtime\defaults\velocity.properties
2022-04-07 18:44:11,416 - Trying to use logger class org.apache.velocity.runtime.log.AvalonLogChute
2022-04-07 18:44:11,416 - Target log system for org.apache.velocity.runtime.log.AvalonLogChute is not available (java.lang.NoClassDefFoundError: org/apache/log/format/Formatter).  Falling back to next log system...
2022-04-07 18:44:11,416 - Trying to use logger class org.apache.velocity.runtime.log.Log4JLogChute
2022-04-07 18:44:11,416 - Using logger class org.apache.velocity.runtime.log.Log4JLogChute
2022-04-07 18:44:11,418 - ResourceLoader instantiated: org.apache.velocity.runtime.resource.loader.FileResourceLoader
2022-04-07 18:44:11,418 - Do unicode file recognition:  false
2022-04-07 18:44:11,418 - FileResourceLoader : adding path '.'
2022-04-07 18:44:11,425 - ResourceCache: initialized (class org.apache.velocity.runtime.resource.ResourceCacheImpl) with class java.util.Collections$SynchronizedMap cache map.
2022-04-07 18:44:11,426 - Loaded System Directive: org.apache.velocity.runtime.directive.Stop
2022-04-07 18:44:11,426 - Loaded System Directive: org.apache.velocity.runtime.directive.Define
2022-04-07 18:44:11,427 - Loaded System Directive: org.apache.velocity.runtime.directive.Break
2022-04-07 18:44:11,427 - Loaded System Directive: org.apache.velocity.runtime.directive.Evaluate
2022-04-07 18:44:11,427 - Loaded System Directive: org.apache.velocity.runtime.directive.Literal
2022-04-07 18:44:11,428 - Loaded System Directive: org.apache.velocity.runtime.directive.Macro
2022-04-07 18:44:11,429 - Loaded System Directive: org.apache.velocity.runtime.directive.Parse
2022-04-07 18:44:11,429 - Loaded System Directive: org.apache.velocity.runtime.directive.Include
2022-04-07 18:44:11,430 - Loaded System Directive: org.apache.velocity.runtime.directive.Foreach
2022-04-07 18:44:11,445 - Created '20' parsers.
2022-04-07 18:44:11,447 - Velocimacro : "velocimacro.library" is not set.  Trying default library: VM_global_library.vm
2022-04-07 18:44:11,447 - Velocimacro : Default library not found.
2022-04-07 18:44:11,447 - Velocimacro : allowInline = true : VMs can be defined inline in templates
2022-04-07 18:44:11,447 - Velocimacro : allowInlineToOverride = false : VMs defined inline may NOT replace previous VM definitions
2022-04-07 18:44:11,447 - Velocimacro : allowInlineLocal = false : VMs defined inline will be global in scope if allowed.
2022-04-07 18:44:11,447 - Velocimacro : autoload off : VM system will not automatically reload global library macros
2022-04-07 18:44:11,453 - ResourceManager : found template.vm with loader org.apache.velocity.runtime.resource.loader.FileResourceLoader
2022-04-07 18:44:23,532 - Log4JLogChute initialized using file 'velocity.log'
2022-04-07 18:44:23,533 - Initializing Velocity, Calling init()...
2022-04-07 18:44:23,533 - Starting Apache Velocity v1.7 (compiled: 2010-11-19 12:14:37)
2022-04-07 18:44:23,533 - Default Properties File: org\apache\velocity\runtime\defaults\velocity.properties
2022-04-07 18:44:23,533 - Trying to use logger class org.apache.velocity.runtime.log.AvalonLogChute
2022-04-07 18:44:23,533 - Target log system for org.apache.velocity.runtime.log.AvalonLogChute is not available (java.lang.NoClassDefFoundError: org/apache/log/format/Formatter).  Falling back to next log system...
2022-04-07 18:44:23,533 - Trying to use logger class org.apache.velocity.runtime.log.Log4JLogChute
2022-04-07 18:44:23,533 - Using logger class org.apache.velocity.runtime.log.Log4JLogChute
2022-04-07 18:44:23,536 - ResourceLoader instantiated: org.apache.velocity.runtime.resource.loader.FileResourceLoader
2022-04-07 18:44:23,536 - Do unicode file recognition:  false
2022-04-07 18:44:23,536 - FileResourceLoader : adding path '.'
2022-04-07 18:44:23,542 - ResourceCache: initialized (class org.apache.velocity.runtime.resource.ResourceCacheImpl) with class java.util.Collections$SynchronizedMap cache map.
2022-04-07 18:44:23,543 - Loaded System Directive: org.apache.velocity.runtime.directive.Stop
2022-04-07 18:44:23,544 - Loaded System Directive: org.apache.velocity.runtime.directive.Define
2022-04-07 18:44:23,544 - Loaded System Directive: org.apache.velocity.runtime.directive.Break
2022-04-07 18:44:23,545 - Loaded System Directive: org.apache.velocity.runtime.directive.Evaluate
2022-04-07 18:44:23,545 - Loaded System Directive: org.apache.velocity.runtime.directive.Literal
2022-04-07 18:44:23,546 - Loaded System Directive: org.apache.velocity.runtime.directive.Macro
2022-04-07 18:44:23,546 - Loaded System Directive: org.apache.velocity.runtime.directive.Parse
2022-04-07 18:44:23,547 - Loaded System Directive: org.apache.velocity.runtime.directive.Include
2022-04-07 18:44:23,547 - Loaded System Directive: org.apache.velocity.runtime.directive.Foreach
2022-04-07 18:44:23,563 - Created '20' parsers.
2022-04-07 18:44:23,565 - Velocimacro : "velocimacro.library" is not set.  Trying default library: VM_global_library.vm
2022-04-07 18:44:23,565 - Velocimacro : Default library not found.
2022-04-07 18:44:23,565 - Velocimacro : allowInline = true : VMs can be defined inline in templates
2022-04-07 18:44:23,565 - Velocimacro : allowInlineToOverride = false : VMs defined inline may NOT replace previous VM definitions
2022-04-07 18:44:23,565 - Velocimacro : allowInlineLocal = false : VMs defined inline will be global in scope if allowed.
2022-04-07 18:44:23,565 - Velocimacro : autoload off : VM system will not automatically reload global library macros
2022-04-07 18:44:23,572 - ResourceManager : found template.vm with loader org.apache.velocity.runtime.resource.loader.FileResourceLoader
